"F:/Unreal Projects/TClass/Content/MobileStarterContent/Materials/M_Basic_Wall.uasset" 0
"F:/Unreal Projects/TClass/Content/MobileStarterContent/Architecture/Pillar_50x500.uasset" 1
"F:/Unreal Projects/TClass/Content/MobileStarterContent/Architecture/Wall_400x300.uasset" 2
"F:/Unreal Projects/TClass/Content/MobileStarterContent/Architecture/Wall_400x400.uasset" 3
"F:/Unreal Projects/TClass/Content/MobileStarterContent/Architecture/Wall_500x500.uasset" 4
"F:/Unreal Projects/TClass/Content/MobileStarterContent/Architecture/Wall_Door_400x400.uasset" 5
"F:/Unreal Projects/TClass/Content/MobileStarterContent/Architecture/Wall_Window_400x400.uasset" 6
"F:/Unreal Projects/TClass/Content/MobileStarterContent/Audio/Light01.uasset" 7
"F:/Unreal Projects/TClass/Content/MobileStarterContent/Audio/Light01_Cue.uasset" 8
"F:/Unreal Projects/TClass/Content/MobileStarterContent/Audio/Light02.uasset" 9
"F:/Unreal Projects/TClass/Content/MobileStarterContent/Audio/Light02_Cue.uasset" 10
"F:/Unreal Projects/TClass/Content/MobileStarterContent/Audio/Steam01.uasset" 11
"F:/Unreal Projects/TClass/Content/MobileStarterContent/Audio/Steam01_Cue.uasset" 12
"F:/Unreal Projects/TClass/Content/MobileStarterContent/Audio/Explosion01.uasset" 13
"F:/Unreal Projects/TClass/Content/MobileStarterContent/Audio/Explosion02.uasset" 14
"F:/Unreal Projects/TClass/Content/MobileStarterContent/Audio/Explosion_Cue.uasset" 15
"F:/Unreal Projects/TClass/Content/MobileStarterContent/Textures/T_Burst_M.uasset" 16
"F:/Unreal Projects/TClass/Content/MobileStarterContent/Particles/Materials/M_Burst.uasset" 17
"F:/Unreal Projects/TClass/Content/MobileStarterContent/Textures/T_Explosion_SubUV.uasset" 18
"F:/Unreal Projects/TClass/Content/MobileStarterContent/Particles/Materials/M_explosion_subUV.uasset" 19
"F:/Unreal Projects/TClass/Content/MobileStarterContent/Particles/Materials/m_flare_01.uasset" 20
"../../../Engine/Content/Functions/Engine_MaterialFunctions01/Gradient/RadialGradient.uasset" 21
"F:/Unreal Projects/TClass/Content/MobileStarterContent/Particles/Materials/M_radial_ramp.uasset" 22
"F:/Unreal Projects/TClass/Content/MobileStarterContent/Textures/T_Smoke_SubUV.uasset" 23
"F:/Unreal Projects/TClass/Content/MobileStarterContent/Textures/T_Smoke_Tiled_D.uasset" 24
"F:/Unreal Projects/TClass/Content/MobileStarterContent/Particles/Materials/M_smoke_subUV.uasset" 25
"F:/Unreal Projects/TClass/Content/MobileStarterContent/Particles/P_Explosion.uasset" 26
"F:/Unreal Projects/TClass/Content/MobileStarterContent/Blueprints/Blueprint_Effect_Explosion.uasset" 27
"F:/Unreal Projects/TClass/Content/MobileStarterContent/Textures/T_Bush_D.uasset" 28
"F:/Unreal Projects/TClass/Content/MobileStarterContent/Textures/T_Bush_N.uasset" 29
"F:/Unreal Projects/TClass/Content/MobileStarterContent/Props/Materials/M_Bush.uasset" 30
"F:/Unreal Projects/TClass/Content/MobileStarterContent/Props/SM_Bush.uasset" 31
"F:/Unreal Projects/TClass/Content/MobileStarterContent/Textures/T_Chair_M.uasset" 32
"F:/Unreal Projects/TClass/Content/MobileStarterContent/Textures/T_Chair_N.uasset" 33
"F:/Unreal Projects/TClass/Content/MobileStarterContent/Props/Materials/M_Chair.uasset" 34
"F:/Unreal Projects/TClass/Content/MobileStarterContent/Props/SM_Couch.uasset" 35
"F:/Unreal Projects/TClass/Content/MobileStarterContent/Materials/M_Glass.uasset" 36
"F:/Unreal Projects/TClass/Content/MobileStarterContent/Textures/T_Door_M.uasset" 37
"F:/Unreal Projects/TClass/Content/MobileStarterContent/Textures/T_Door_N.uasset" 38
"F:/Unreal Projects/TClass/Content/MobileStarterContent/Props/Materials/M_Door.uasset" 39
"F:/Unreal Projects/TClass/Content/MobileStarterContent/Props/SM_Door.uasset" 40
"F:/Unreal Projects/TClass/Content/MobileStarterContent/Props/Materials/M_MaterialSphere.uasset" 41
"F:/Unreal Projects/TClass/Content/MobileStarterContent/Props/Materials/M_MaterialSphere_Plain.uasset" 42
"F:/Unreal Projects/TClass/Content/MobileStarterContent/Props/SM_MatPreviewMesh_02.uasset" 43
"F:/Unreal Projects/TClass/Content/MobileStarterContent/Textures/T_Rock_Basalt_D.uasset" 44
"F:/Unreal Projects/TClass/Content/MobileStarterContent/Textures/T_RockMesh_M.uasset" 45
"F:/Unreal Projects/TClass/Content/MobileStarterContent/Textures/T_RockMesh_N.uasset" 46
"F:/Unreal Projects/TClass/Content/MobileStarterContent/Props/Materials/M_Rock.uasset" 47
"F:/Unreal Projects/TClass/Content/MobileStarterContent/Props/SM_Rock.uasset" 48
"F:/Unreal Projects/TClass/Content/MobileStarterContent/Textures/T_Shelf_M.uasset" 49
"F:/Unreal Projects/TClass/Content/MobileStarterContent/Textures/T_Shelf_N.uasset" 50
"F:/Unreal Projects/TClass/Content/MobileStarterContent/Props/Materials/M_Shelf.uasset" 51
"F:/Unreal Projects/TClass/Content/MobileStarterContent/Props/SM_Shelf.uasset" 52
"F:/Unreal Projects/TClass/Content/MobileStarterContent/Props/SM_Stairs.uasset" 53
"F:/Unreal Projects/TClass/Content/MobileStarterContent/Shapes/Shape_Cone.uasset" 54
"F:/Unreal Projects/TClass/Content/MobileStarterContent/Shapes/Shape_Cylinder.uasset" 55
"F:/Unreal Projects/TClass/Content/MobileStarterContent/Shapes/Shape_NarrowCapsule.uasset" 56
"F:/Unreal Projects/TClass/Content/MobileStarterContent/Shapes/Shape_Pipe.uasset" 57
"F:/Unreal Projects/TClass/Content/MobileStarterContent/Shapes/Shape_Pipe_180.uasset" 58
"F:/Unreal Projects/TClass/Content/MobileStarterContent/Shapes/Shape_Pipe_90.uasset" 59
"F:/Unreal Projects/TClass/Content/MobileStarterContent/Shapes/Shape_Plane.uasset" 60
"F:/Unreal Projects/TClass/Content/MobileStarterContent/Shapes/Shape_Torus.uasset" 61
"F:/Unreal Projects/TClass/Content/MobileStarterContent/Shapes/Shape_Trim.uasset" 62
"F:/Unreal Projects/TClass/Content/MobileStarterContent/Shapes/Shape_Trim_90_In.uasset" 63
"F:/Unreal Projects/TClass/Content/MobileStarterContent/Shapes/Shape_Trim_90_Out.uasset" 64
"F:/Unreal Projects/TClass/Content/MobileStarterContent/Shapes/Shape_TriPyramid.uasset" 65
"F:/Unreal Projects/TClass/Content/MobileStarterContent/Shapes/Shape_Tube.uasset" 66
"F:/Unreal Projects/TClass/Content/MobileStarterContent/Shapes/Shape_Wedge_A.uasset" 67
"F:/Unreal Projects/TClass/Content/MobileStarterContent/Shapes/Shape_Wedge_B.uasset" 68
"F:/Unreal Projects/TClass/Content/MobileStarterContent/Shapes/Shape_WideCapsule.uasset" 69
"F:/Unreal Projects/TClass/Content/MobileStarterContent/Textures/T_CobbleStone_Pebble_M.uasset" 70
"F:/Unreal Projects/TClass/Content/MobileStarterContent/Textures/T_Concrete_Tiles_Variation_M.uasset" 71
"F:/Unreal Projects/TClass/Content/MobileStarterContent/Textures/T_Detail_Rocky_N.uasset" 72
"F:/Unreal Projects/TClass/Content/MobileStarterContent/Textures/T_Gradinet_01.uasset" 73
"F:/Unreal Projects/TClass/Content/MobileStarterContent/Textures/T_Perlin_Noise_M.uasset" 74
"F:/Unreal Projects/TClass/Content/MobileStarterContent/Textures/T_Rock_Smooth_Granite_D.uasset" 75
"../../../Engine/Content/Animation/DefaultAnimCurveCompressionSettings.uasset" 76
"../../../Engine/Content/Functions/Engine_MaterialFunctions01/Opacity/CameraDepthFade.uasset" 77
"../../../Engine/Content/EngineMaterials/T_Default_Material_Grid_M.uasset" 78
"../../../Engine/Content/EngineMaterials/T_Default_Material_Grid_N.uasset" 79
"../../../Engine/Content/EngineMaterials/WorldGridMaterial.uasset" 80
"../../../Engine/Content/ArtTools/RenderToTexture/Meshes/S_1_Unit_Plane.uasset" 81
"../../../Engine/Content/EngineMaterials/DefaultMaterial.uasset" 82
"../../../Engine/Content/BasicShapes/Cone.uasset" 83
"../../../Engine/Content/BasicShapes/Cube.uasset" 84
"../../../Engine/Content/BasicShapes/Cylinder.uasset" 85
"../../../Engine/Content/BasicShapes/Plane.uasset" 86
"../../../Engine/Content/BasicShapes/Sphere.uasset" 87
"../../../Engine/Content/EditorLandscapeResources/DataLayer.uasset" 88
"../../../Engine/Content/EditorMaterials/MAT_Groups_Toggle.uasset" 89
"../../../Engine/Content/EditorMaterials/MAT_Groups_Visibility.uasset" 90
"../../../Engine/Content/EditorMaterials/PreviewShadowIndicator.uasset" 91
"../../../Engine/Content/EditorMaterials/PreviewShadowIndicatorMaterial.uasset" 92
"../../../Engine/Content/EditorMaterials/MatineeGroups/MAT_ColorTrack.uasset" 93
"../../../Engine/Content/EditorMaterials/MatineeGroups/MAT_Groups_Anim.uasset" 94
"../../../Engine/Content/EditorMaterials/MatineeGroups/MAT_Groups_AudioMaster.uasset" 95
"../../../Engine/Content/EditorMaterials/MatineeGroups/MAT_Groups_Director.uasset" 96
"../../../Engine/Content/EditorMaterials/MatineeGroups/MAT_Groups_Event.uasset" 97
"../../../Engine/Content/EditorMaterials/MatineeGroups/MAT_Groups_Fade.uasset" 98
"../../../Engine/Content/EditorMaterials/MatineeGroups/MAT_Groups_Float.uasset" 99
"../../../Engine/Content/EditorMaterials/MatineeGroups/MAT_Groups_Move.uasset" 100
"../../../Engine/Content/EditorMaterials/MatineeGroups/MAT_Groups_Slomo.uasset" 101
"../../../Engine/Content/EditorMaterials/MatineeGroups/MAT_Groups_Sound.uasset" 102
"../../../Engine/Content/EditorMaterials/MatineeGroups/MAT_Groups_Vector.uasset" 103
"../../../Engine/Content/EditorMaterials/ParticleSystems/PSysThumbnail_NoImage.uasset" 104
"../../../Engine/Content/EditorMaterials/ParticleSystems/PSysThumbnail_OOD.uasset" 105
"../../../Engine/Content/EditorMaterials/Camera/CineMat.uasset" 106
"../../../Engine/Content/EditorMaterials/Camera/MI_CineMat_Rig.uasset" 107
"../../../Engine/Content/EditorMeshes/Camera/SM_CraneRig_Arm.uasset" 108
"../../../Engine/Content/EditorMeshes/Camera/SM_CraneRig_Base.uasset" 109
"../../../Engine/Content/EditorMeshes/Camera/SM_CraneRig_Body.uasset" 110
"../../../Engine/Content/EditorMeshes/Camera/SM_CraneRig_Mount.uasset" 111
"../../../Engine/Content/EditorMeshes/Camera/SM_RailRig_Mount.uasset" 112
"../../../Engine/Content/EditorMeshes/Camera/SM_RailRig_Track.uasset" 113
"../../../Engine/Content/EditorResources/BSPVertex.uasset" 114
"../../../Engine/Content/EditorResources/EmptyActor.uasset" 115
"../../../Engine/Content/EditorResources/S_Actor.uasset" 116
"../../../Engine/Content/EditorResources/S_Note.uasset" 117
"../../../Engine/Content/EditorResources/S_Solver.uasset" 118
"../../../Engine/Content/EditorResources/S_Trigger.uasset" 119
"../../../Engine/Content/EditorResources/AudioIcons/S_AudioComponent.uasset" 120
"../../../Engine/Content/EditorResources/AudioIcons/S_AudioComponent_AutoActivate.uasset" 121
"../../../Engine/Content/EditorResources/LightIcons/S_LightError.uasset" 122
"../../../Engine/Content/EditorResources/SequenceRecorder/Countdown.uasset" 123
"../../../Engine/Content/EditorResources/SequenceRecorder/RecordingIndicator.uasset" 124
"../../../Engine/Content/EditorSounds/Notifications/CompileFailed.uasset" 125
"../../../Engine/Content/EditorSounds/Notifications/CompileFailed_Cue.uasset" 126
"../../../Engine/Content/EditorSounds/Notifications/CompileSuccess.uasset" 127
"../../../Engine/Content/EditorSounds/Notifications/CompileStart_Cue.uasset" 128
"../../../Engine/Content/EditorSounds/Notifications/CompileSuccess_Cue.uasset" 129
"../../../Engine/Content/EngineDamageTypes/DmgTypeBP_Environmental.uasset" 130
"../../../Engine/Content/EngineDebugMaterials/DebugEditorMaterial.uasset" 131
"../../../Engine/Content/EngineDebugMaterials/DebugMeshMaterial.uasset" 132
"../../../Engine/Content/EngineDebugMaterials/M_SimpleUnlitTranslucent.uasset" 133
"../../../Engine/Content/Functions/Engine_MaterialFunctions02/Utility/CameraDirectionVector.uasset" 134
"../../../Engine/Content/EngineDebugMaterials/VolumeToRender.uasset" 135
"../../../Engine/Content/EngineDebugMaterials/M_VolumeRenderSphereTracePP.uasset" 136
"../../../Engine/Content/EngineDebugMaterials/WireframeMaterial.uasset" 137
"../../../Engine/Content/EngineFonts/Faces/DroidSansFallback.uasset" 138
"../../../Engine/Content/EngineFonts/Faces/RobotoBold.uasset" 139
"../../../Engine/Content/EngineFonts/Faces/RobotoBoldItalic.uasset" 140
"../../../Engine/Content/EngineFonts/Faces/RobotoItalic.uasset" 141
"../../../Engine/Content/EngineFonts/Faces/RobotoLight.uasset" 142
"../../../Engine/Content/EngineFonts/Faces/RobotoRegular.uasset" 143
"../../../Engine/Content/EngineFonts/Roboto.uasset" 144
"../../../Engine/Content/EngineMaterials/BaseFlattenDiffuseMap.uasset" 145
"../../../Engine/Content/EngineMaterials/BaseFlattenEmissiveMap.uasset" 146
"../../../Engine/Content/EngineMaterials/BaseFlattenGrayscaleMap.uasset" 147
"../../../Engine/Content/EngineMaterials/BaseFlattenNormalMap.uasset" 148
"../../../Engine/Content/EngineMaterials/BaseFlattenMaterial.uasset" 149
"../../../Engine/Content/EngineMaterials/BlueNoise.uasset" 150
"../../../Engine/Content/EngineMaterials/DefaultBloomKernel.uasset" 151
"../../../Engine/Content/EngineMaterials/DefaultBokeh.uasset" 152
"../../../Engine/Content/EngineMaterials/DefaultDiffuse.uasset" 153
"../../../Engine/Content/EngineMaterials/DefaultDeferredDecalMaterial.uasset" 154
"../../../Engine/Content/EngineMaterials/DefaultLightFunctionMaterial.uasset" 155
"../../../Engine/Content/EngineMaterials/DefaultPhysicalMaterial.uasset" 156
"../../../Engine/Content/Functions/Engine_MaterialFunctions02/Utility/BreakOutFloat2Components.uasset" 157
"../../../Engine/Content/EngineMaterials/DefaultPostProcessMaterial.uasset" 158
"../../../Engine/Content/EngineFonts/RobotoDistanceField.uasset" 159
"../../../Engine/Content/EngineMaterials/DefaultTextMaterialOpaque.uasset" 160
"../../../Engine/Content/EngineMaterials/DefaultWhiteGrid.uasset" 161
"../../../Engine/Content/EngineMaterials/DefaultWhiteGrid_Low.uasset" 162
"../../../Engine/Content/EngineMaterials/EmissiveMeshMaterial.uasset" 163
"../../../Engine/Content/EngineMaterials/GizmoMaterial.uasset" 164
"../../../Engine/Content/EngineMaterials/Good64x64TilingNoiseHighFreq.uasset" 165
"../../../Engine/Content/EngineMaterials/MiniFont.uasset" 166
"../../../Engine/Content/EngineMaterials/InvalidLightmapSettings.uasset" 167
"../../../Engine/Content/EngineMaterials/M_InvalidLightmapSettings.uasset" 168
"../../../Engine/Content/Functions/Engine_MaterialFunctions02/WorldPositionOffset/CameraOffset.uasset" 169
"../../../Engine/Content/EngineMaterials/PhAT_JointLimitMaterial.uasset" 170
"../../../Engine/Content/EngineMaterials/PreintegratedSkinBRDF.uasset" 171
"../../../Engine/Content/EngineMaterials/RemoveSurfaceMaterial.uasset" 172
"../../../Engine/Content/EngineMaterials/WeightMapPlaceholderTexture.uasset" 173
"../../../Engine/Content/EngineResources/WhiteSquareTexture.uasset" 174
"../../../Engine/Content/EngineMaterials/Widget3DPassThrough.uasset" 175
"../../../Engine/Content/EngineMaterials/Widget3DPassThrough_Masked.uasset" 176
"../../../Engine/Content/EngineMaterials/Widget3DPassThrough_Opaque.uasset" 177
"../../../Engine/Content/EngineMaterials/Widget3DPassThrough_Masked_OneSided.uasset" 178
"../../../Engine/Content/EngineMaterials/Widget3DPassThrough_Opaque_OneSided.uasset" 179
"../../../Engine/Content/EngineMaterials/Widget3DPassThrough_Translucent.uasset" 180
"../../../Engine/Content/EngineMaterials/Widget3DPassThrough_Translucent_OneSided.uasset" 181
"../../../Engine/Content/EngineMeshes/Cylinder.uasset" 182
"../../../Engine/Content/EngineMeshes/Sphere.uasset" 183
"../../../Engine/Content/EngineResources/Black.uasset" 184
"../../../Engine/Content/EngineResources/DefaultTexture.uasset" 185
"../../../Engine/Content/EngineResources/DefaultTextureCube.uasset" 186
"../../../Engine/Content/EngineResources/DefaultVolumeTexture2D.uasset" 187
"../../../Engine/Content/EngineResources/DefaultVolumeTexture.uasset" 188
"../../../Engine/Content/EngineResources/GradientTexture0.uasset" 189
"../../../Engine/Content/EngineSounds/Master.uasset" 190
"../../../Engine/Content/Functions/Engine_MaterialFunctions01/Shading/ConvertFromDiffSpec.uasset" 191
"../../../Engine/Content/Functions/Engine_MaterialFunctions01/Shading/PowerToRoughness.uasset" 192
"../../../Engine/Content/Maps/Templates/Thumbnails/Default.uasset" 193
"../../../Engine/Content/Maps/Templates/Thumbnails/TimeOfDay.uasset" 194
"../../../Engine/Content/Maps/Templates/Thumbnails/VR-Basic.uasset" 195
"../../../Engine/Content/MobileResources/T_MobileControls_texture.uasset" 196
"../../../Engine/Content/MobileResources/T_MobileMenu2.uasset" 197
"../../../Engine/Content/MobileResources/HUD/AnalogHat.uasset" 198
"../../../Engine/Content/MobileResources/HUD/VirtualJoystick_Background.uasset" 199
"../../../Engine/Content/MobileResources/HUD/VirtualJoystick_Thumb.uasset" 200
"../../../Engine/Content/MobileResources/HUD/DefaultVirtualJoysticks.uasset" 201
"../../../Engine/Content/MobileResources/HUD/LeftVirtualJoystickOnly.uasset" 202
"../../../Engine/Content/MobileResources/HUD/MobileHUDButton1_off.uasset" 203
"../../../Engine/Content/MobileResources/HUD/MobileHUDButton1_on.uasset" 204
"../../../Engine/Content/MobileResources/HUD/MobileHUDButton2_off.uasset" 205
"../../../Engine/Content/MobileResources/HUD/MobileHUDButton2_on.uasset" 206
"../../../Engine/Content/MobileResources/HUD/MobileHUDButton3.uasset" 207
"../../../Engine/Content/MobileResources/HUD/MobileHUDButtonFire.uasset" 208
"../../../Engine/Content/MobileResources/HUD/MobileHUDDirectionPad.uasset" 209
"../../../Engine/Content/MobileResources/HUD/MobileHUDDirectionPad2.uasset" 210
"../../../Engine/Content/MobileResources/HUD/MobileHUDDirectionPad3.uasset" 211
"../../../Engine/Content/MobileResources/HUD/MobileHUDDirectionStick.uasset" 212
"../../../Engine/Content/MobileResources/HUD/T_Castle_ThumbstickInner.uasset" 213
"../../../Engine/Content/MobileResources/HUD/T_Castle_ThumbstickOutter.uasset" 214
"../../../Engine/Content/Tutorial/ContentIntroCurve.uasset" 215
"../../../Engine/Content/Tutorial/Basics/LevelEditorAttract.uasset" 216
"../../../Engine/Content/Tutorial/Basics/TutorialAssets/icon_tab_Levels_40x.uasset" 217
"../../../Engine/Content/Tutorial/Basics/LevelEditorOverview.uasset" 218
"../../../Engine/Content/VREditor/LaserPointer/VR_LaserPower_01.uasset" 219
"../../../Engine/Content/VREditor/TransformGizmo/TransformGizmoMaterial.uasset" 220
"../../../Engine/Content/VREditor/TransformGizmo/TranslucentTransformGizmoMaterial.uasset" 221
"../../../Engine/Content/VREditor/TransformGizmo/BoundingBoxCorner.uasset" 222
"../../../Engine/Content/VREditor/TransformGizmo/BoundingBoxEdge.uasset" 223
"../../../Engine/Content/VREditor/TransformGizmo/PlaneTranslationHandle.uasset" 224
"../../../Engine/Content/VREditor/TransformGizmo/Main.uasset" 225
"../../../Engine/Content/VREditor/TransformGizmo/Xray.uasset" 226
"../../../Engine/Content/VREditor/TransformGizmo/SM_Sequencer_Key.uasset" 227
"../../../Engine/Content/VREditor/TransformGizmo/SM_Sequencer_Node.uasset" 228
"../../Plugins/2D/Paper2D/Content/PlaceholderTextures/DummySpriteTexture.uasset" 229
"../../Plugins/2D/Paper2D/Content/DummySprite.uasset" 230
"../../Plugins/2D/Paper2D/Content/DefaultPaperTerrainMaterial.uasset" 231
"../../Plugins/2D/Paper2D/Content/DefaultSpriteMaterial.uasset" 232
"../../Plugins/2D/Paper2D/Content/MaskedUnlitSpriteMaterial.uasset" 233
"../../Plugins/2D/Paper2D/Content/OpaqueUnlitSpriteMaterial.uasset" 234
"../../Plugins/FX/Niagara/Content/Enums/ENiagaraBooleanLogicOps.uasset" 235
"../../Plugins/FX/Niagara/Content/Enums/ENiagaraCoordinateSpace.uasset" 236
"../../Plugins/FX/Niagara/Content/Enums/ENiagaraExpansionMode.uasset" 237
"../../Plugins/FX/Niagara/Content/Enums/ENiagaraOrientationAxis.uasset" 238
"../../Plugins/FX/Niagara/Content/Enums/ENiagaraRandomnessMode.uasset" 239
"../../../Engine/Content/Functions/Engine_MaterialFunctions02/Utility/BreakOutFloat4Components.uasset" 240
"../../../Engine/Content/Functions/Engine_MaterialFunctions02/Utility/MakeFloat2.uasset" 241
"../../../Engine/Content/Functions/Engine_MaterialFunctions02/Utility/MakeFloat3.uasset" 242
"../../Plugins/Runtime/Oculus/OculusVR/Content/Materials/OculusMR_ChromaKey.uasset" 243
"../../Plugins/Runtime/Oculus/OculusVR/Content/Materials/OculusMR_ChromaKey_Lit.uasset" 244
"../../Plugins/Runtime/Oculus/OculusVR/Content/Materials/OculusMR_OpaqueColoredMaterial.uasset" 245
"../../Plugins/Runtime/Oculus/OculusVR/Content/Materials/OculusMR_WhiteMaterial.uasset" 246
"../../../Engine/Content/EditorBlueprintResources/StandardMacros.uasset" 247
"../../../Engine/Content/EngineSky/C_Sky_Cloud_Color.uasset" 248
"../../../Engine/Content/EngineSky/C_Sky_Horizon_Color.uasset" 249
"../../../Engine/Content/EngineSky/C_Sky_Zenith_Color.uasset" 250
"../../../Engine/Content/EngineSky/T_Sky_Blue.uasset" 251
"../../../Engine/Content/EngineSky/T_Sky_Clouds_M.uasset" 252
"../../../Engine/Content/EngineSky/T_Sky_Stars.uasset" 253
"../../../Engine/Content/EngineSky/M_Sky_Panning_Clouds2.uasset" 254
"../../../Engine/Content/EngineSky/SM_SkySphere.uasset" 255
"../../../Engine/Content/EngineSky/BP_Sky_Sphere.uasset" 256
"F:/Unreal Projects/TClass/Content/MobileStarterContent/Maps/Minimal_Default_BuiltData.uasset" 257
"F:/Unreal Projects/TClass/Content/MobileStarterContent/Materials/M_Basic_Floor.uasset" 258
"F:/Unreal Projects/TClass/Content/MobileStarterContent/Architecture/Floor_400x400.uasset" 259
"F:/Unreal Projects/TClass/Content/MobileStarterContent/Props/SM_Chair.uasset" 260
"F:/Unreal Projects/TClass/Content/MobileStarterContent/Textures/T_Statue_M.uasset" 261
"F:/Unreal Projects/TClass/Content/MobileStarterContent/Textures/T_Statue_N.uasset" 262
"F:/Unreal Projects/TClass/Content/MobileStarterContent/Props/Materials/M_Statue.uasset" 263
"F:/Unreal Projects/TClass/Content/MobileStarterContent/Props/Materials/M_StatueGlass.uasset" 264
"F:/Unreal Projects/TClass/Content/MobileStarterContent/Props/SM_Statue.uasset" 265
"F:/Unreal Projects/TClass/Content/MobileStarterContent/Textures/T_TableRound_M.uasset" 266
"F:/Unreal Projects/TClass/Content/MobileStarterContent/Textures/T_TableRound_N.uasset" 267
"F:/Unreal Projects/TClass/Content/MobileStarterContent/Props/Materials/M_TableRound.uasset" 268
"F:/Unreal Projects/TClass/Content/MobileStarterContent/Props/SM_TableRound.uasset" 269
"F:/Unreal Projects/TClass/Content/MobileStarterContent/Maps/Minimal_Default.umap" 270
"F:/Unreal Projects/TClass/Content/MobileStarterContent/Audio/Fire01.uasset" 271
"F:/Unreal Projects/TClass/Content/MobileStarterContent/Audio/Fire01_Cue.uasset" 272
"F:/Unreal Projects/TClass/Content/MobileStarterContent/Textures/T_Fire_SubUV.uasset" 273
"F:/Unreal Projects/TClass/Content/MobileStarterContent/Textures/T_Fire_Tiled_D.uasset" 274
"F:/Unreal Projects/TClass/Content/MobileStarterContent/Particles/Materials/M_Fire_SubUV.uasset" 275
"F:/Unreal Projects/TClass/Content/MobileStarterContent/Particles/Materials/M_Radial_Gradient.uasset" 276
"F:/Unreal Projects/TClass/Content/MobileStarterContent/Particles/P_Fire.uasset" 277
"F:/Unreal Projects/TClass/Content/MobileStarterContent/Blueprints/Blueprint_Effect_Fire.uasset" 278
"F:/Unreal Projects/TClass/Content/MobileStarterContent/Audio/Smoke01.uasset" 279
"F:/Unreal Projects/TClass/Content/MobileStarterContent/Audio/Smoke01_Cue.uasset" 280
"F:/Unreal Projects/TClass/Content/MobileStarterContent/Particles/P_Smoke.uasset" 281
"F:/Unreal Projects/TClass/Content/MobileStarterContent/Blueprints/Blueprint_Effect_Smoke.uasset" 282
"F:/Unreal Projects/TClass/Content/MobileStarterContent/Audio/Fire_Sparks01.uasset" 283
"F:/Unreal Projects/TClass/Content/MobileStarterContent/Audio/Fire_Sparks01_Cue.uasset" 284
"F:/Unreal Projects/TClass/Content/MobileStarterContent/Textures/T_Spark_Core.uasset" 285
"F:/Unreal Projects/TClass/Content/MobileStarterContent/Particles/Materials/M_Spark.uasset" 286
"F:/Unreal Projects/TClass/Content/MobileStarterContent/Particles/P_Sparks.uasset" 287
"F:/Unreal Projects/TClass/Content/MobileStarterContent/Blueprints/Blueprint_Effect_Sparks.uasset" 288
"F:/Unreal Projects/TClass/Content/MobileStarterContent/Textures/T_Lamp_M.uasset" 289
"F:/Unreal Projects/TClass/Content/MobileStarterContent/Textures/T_Lamp_N.uasset" 290
"F:/Unreal Projects/TClass/Content/MobileStarterContent/Props/Materials/M_Lamp.uasset" 291
"F:/Unreal Projects/TClass/Content/MobileStarterContent/Props/SM_Lamp_Ceiling.uasset" 292
"F:/Unreal Projects/TClass/Content/MobileStarterContent/Blueprints/Blueprint_CeilingLight.uasset" 293
"F:/Unreal Projects/TClass/Content/MobileStarterContent/Props/SM_Lamp_Wall.uasset" 294
"F:/Unreal Projects/TClass/Content/MobileStarterContent/Blueprints/Blueprint_WallSconce.uasset" 295
"F:/Unreal Projects/TClass/Content/MobileStarterContent/Maps/StarterMap_BuiltData.uasset" 296
"F:/Unreal Projects/TClass/Content/MobileStarterContent/Textures/T_Brick_Clay_Beveled_D.uasset" 297
"F:/Unreal Projects/TClass/Content/MobileStarterContent/Textures/T_Brick_Clay_Beveled_M.uasset" 298
"F:/Unreal Projects/TClass/Content/MobileStarterContent/Textures/T_Brick_Clay_Beveled_N.uasset" 299
"F:/Unreal Projects/TClass/Content/MobileStarterContent/Materials/M_Brick_Clay_Beveled.uasset" 300
"F:/Unreal Projects/TClass/Content/MobileStarterContent/Textures/T_Brick_Clay_New_D.uasset" 301
"F:/Unreal Projects/TClass/Content/MobileStarterContent/Textures/T_Brick_Clay_New_M.uasset" 302
"F:/Unreal Projects/TClass/Content/MobileStarterContent/Textures/T_Brick_Clay_New_N.uasset" 303
"F:/Unreal Projects/TClass/Content/MobileStarterContent/Materials/M_Brick_Clay_New.uasset" 304
"F:/Unreal Projects/TClass/Content/MobileStarterContent/Textures/T_Brick_Clay_Old_D.uasset" 305
"F:/Unreal Projects/TClass/Content/MobileStarterContent/Textures/T_Brick_Clay_Old_N.uasset" 306
"F:/Unreal Projects/TClass/Content/MobileStarterContent/Materials/M_Brick_Clay_Old.uasset" 307
"F:/Unreal Projects/TClass/Content/MobileStarterContent/Textures/T_Brick_Cut_Stone_D.uasset" 308
"F:/Unreal Projects/TClass/Content/MobileStarterContent/Textures/T_Brick_Cut_Stone_N.uasset" 309
"F:/Unreal Projects/TClass/Content/MobileStarterContent/Materials/M_Brick_Cut_Stone.uasset" 310
"F:/Unreal Projects/TClass/Content/MobileStarterContent/Textures/T_Brick_Hewn_Stone_D.uasset" 311
"F:/Unreal Projects/TClass/Content/MobileStarterContent/Textures/T_Brick_Hewn_Stone_M.uasset" 312
"F:/Unreal Projects/TClass/Content/MobileStarterContent/Textures/T_Brick_Hewn_Stone_N.uasset" 313
"F:/Unreal Projects/TClass/Content/MobileStarterContent/Materials/M_Brick_Hewn_Stone.uasset" 314
"F:/Unreal Projects/TClass/Content/MobileStarterContent/Textures/T_Ceramic_Tile_M.uasset" 315
"F:/Unreal Projects/TClass/Content/MobileStarterContent/Textures/T_Ceramic_Tile_N.uasset" 316
"F:/Unreal Projects/TClass/Content/MobileStarterContent/Textures/T_Rock_Marble_Polished_D.uasset" 317
"F:/Unreal Projects/TClass/Content/MobileStarterContent/Materials/M_Ceramic_Tile_Checker.uasset" 318
"F:/Unreal Projects/TClass/Content/MobileStarterContent/Textures/T_CobbleStone_Pebble_D.uasset" 319
"F:/Unreal Projects/TClass/Content/MobileStarterContent/Textures/T_CobbleStone_Pebble_N.uasset" 320
"F:/Unreal Projects/TClass/Content/MobileStarterContent/Materials/M_CobbleStone_Pebble.uasset" 321
"F:/Unreal Projects/TClass/Content/MobileStarterContent/Textures/T_CobbleStone_Rough_D.uasset" 322
"F:/Unreal Projects/TClass/Content/MobileStarterContent/Textures/T_CobbleStone_Rough_N.uasset" 323
"F:/Unreal Projects/TClass/Content/MobileStarterContent/Materials/M_CobbleStone_Rough.uasset" 324
"F:/Unreal Projects/TClass/Content/MobileStarterContent/Textures/T_CobbleStone_Smooth_D.uasset" 325
"F:/Unreal Projects/TClass/Content/MobileStarterContent/Textures/T_CobbleStone_Smooth_M.uasset" 326
"F:/Unreal Projects/TClass/Content/MobileStarterContent/Textures/T_CobbleStone_Smooth_N.uasset" 327
"F:/Unreal Projects/TClass/Content/MobileStarterContent/Materials/M_CobbleStone_Smooth.uasset" 328
"F:/Unreal Projects/TClass/Content/MobileStarterContent/Textures/T_Concrete_Grime_D.uasset" 329
"F:/Unreal Projects/TClass/Content/MobileStarterContent/Textures/T_Metal_Rust_N.uasset" 330
"F:/Unreal Projects/TClass/Content/MobileStarterContent/Materials/M_Concrete_Grime.uasset" 331
"F:/Unreal Projects/TClass/Content/MobileStarterContent/Textures/T_Concrete_Panels_D.uasset" 332
"F:/Unreal Projects/TClass/Content/MobileStarterContent/Textures/T_Concrete_Panels_N.uasset" 333
"F:/Unreal Projects/TClass/Content/MobileStarterContent/Materials/M_Concrete_Panels.uasset" 334
"F:/Unreal Projects/TClass/Content/MobileStarterContent/Textures/T_Concrete_Poured_D.uasset" 335
"F:/Unreal Projects/TClass/Content/MobileStarterContent/Textures/T_Concrete_Poured_N.uasset" 336
"F:/Unreal Projects/TClass/Content/MobileStarterContent/Materials/M_Concrete_Poured.uasset" 337
"F:/Unreal Projects/TClass/Content/MobileStarterContent/Textures/T_Concrete_Tiles_D.uasset" 338
"F:/Unreal Projects/TClass/Content/MobileStarterContent/Textures/T_Concrete_Tiles_M.uasset" 339
"F:/Unreal Projects/TClass/Content/MobileStarterContent/Textures/T_Concrete_Tiles_N.uasset" 340
"F:/Unreal Projects/TClass/Content/MobileStarterContent/Materials/M_Concrete_Tiles.uasset" 341
"F:/Unreal Projects/TClass/Content/MobileStarterContent/Textures/T_Ground_Grass_D.uasset" 342
"F:/Unreal Projects/TClass/Content/MobileStarterContent/Textures/T_Ground_Grass_N.uasset" 343
"F:/Unreal Projects/TClass/Content/MobileStarterContent/Materials/M_Ground_Grass.uasset" 344
"F:/Unreal Projects/TClass/Content/MobileStarterContent/Textures/T_Ground_Gravel_D.uasset" 345
"F:/Unreal Projects/TClass/Content/MobileStarterContent/Textures/T_Ground_Gravel_N.uasset" 346
"F:/Unreal Projects/TClass/Content/MobileStarterContent/Materials/M_Ground_Gravel.uasset" 347
"F:/Unreal Projects/TClass/Content/MobileStarterContent/Textures/T_ground_Moss_D.uasset" 348
"F:/Unreal Projects/TClass/Content/MobileStarterContent/Textures/T_Ground_Moss_N.uasset" 349
"F:/Unreal Projects/TClass/Content/MobileStarterContent/Materials/M_Ground_Moss.uasset" 350
"F:/Unreal Projects/TClass/Content/MobileStarterContent/Textures/T_MacroVariation.uasset" 351
"F:/Unreal Projects/TClass/Content/MobileStarterContent/Materials/M_Metal_Brushed_Nickel.uasset" 352
"F:/Unreal Projects/TClass/Content/MobileStarterContent/Textures/T_Metal_Aluminum_D.uasset" 353
"F:/Unreal Projects/TClass/Content/MobileStarterContent/Textures/T_Metal_Gold_N.uasset" 354
"F:/Unreal Projects/TClass/Content/MobileStarterContent/Materials/M_Metal_Burnished_Steel.uasset" 355
"F:/Unreal Projects/TClass/Content/MobileStarterContent/Materials/M_Metal_Chrome.uasset" 356
"F:/Unreal Projects/TClass/Content/MobileStarterContent/Textures/T_Metal_Copper_D.uasset" 357
"F:/Unreal Projects/TClass/Content/MobileStarterContent/Materials/M_Metal_Copper.uasset" 358
"F:/Unreal Projects/TClass/Content/MobileStarterContent/Textures/T_Metal_Gold_D.uasset" 359
"F:/Unreal Projects/TClass/Content/MobileStarterContent/Materials/M_Metal_Gold.uasset" 360
"F:/Unreal Projects/TClass/Content/MobileStarterContent/Textures/T_Metal_Rust_D.uasset" 361
"F:/Unreal Projects/TClass/Content/MobileStarterContent/Materials/M_Metal_Rust.uasset" 362
"F:/Unreal Projects/TClass/Content/MobileStarterContent/Textures/T_Metal_Steel_D.uasset" 363
"F:/Unreal Projects/TClass/Content/MobileStarterContent/Textures/T_Metal_Steel_N.uasset" 364
"F:/Unreal Projects/TClass/Content/MobileStarterContent/Materials/M_Metal_Steel.uasset" 365
"F:/Unreal Projects/TClass/Content/MobileStarterContent/Textures/T_Rock_Basalt_N.uasset" 366
"F:/Unreal Projects/TClass/Content/MobileStarterContent/Materials/M_Rock_Basalt.uasset" 367
"F:/Unreal Projects/TClass/Content/MobileStarterContent/Materials/M_Rock_Marble_Polished.uasset" 368
"F:/Unreal Projects/TClass/Content/MobileStarterContent/Textures/T_Rock_Sandstone_D.uasset" 369
"F:/Unreal Projects/TClass/Content/MobileStarterContent/Textures/T_Rock_Sandstone_N.uasset" 370
"F:/Unreal Projects/TClass/Content/MobileStarterContent/Materials/M_Rock_Sandstone.uasset" 371
"F:/Unreal Projects/TClass/Content/MobileStarterContent/Textures/T_Rock_Slate_D.uasset" 372
"F:/Unreal Projects/TClass/Content/MobileStarterContent/Textures/T_Rock_Slate_N.uasset" 373
"F:/Unreal Projects/TClass/Content/MobileStarterContent/Materials/M_Rock_Slate.uasset" 374
"F:/Unreal Projects/TClass/Content/MobileStarterContent/Textures/T_Checker_Noise_M.uasset" 375
"F:/Unreal Projects/TClass/Content/MobileStarterContent/Textures/T_Single_Tile_N.uasset" 376
"F:/Unreal Projects/TClass/Content/MobileStarterContent/Textures/T_Tech_Dot_M.uasset" 377
"F:/Unreal Projects/TClass/Content/MobileStarterContent/Textures/T_Tech_Dot_N.uasset" 378
"F:/Unreal Projects/TClass/Content/MobileStarterContent/Materials/M_Tech_Checker_Dot.uasset" 379
"F:/Unreal Projects/TClass/Content/MobileStarterContent/Textures/T_Tech_Hex_Tile_M.uasset" 380
"F:/Unreal Projects/TClass/Content/MobileStarterContent/Textures/T_Tech_Hex_Tile_N.uasset" 381
"F:/Unreal Projects/TClass/Content/MobileStarterContent/Materials/M_Tech_Hex_Tile.uasset" 382
"F:/Unreal Projects/TClass/Content/MobileStarterContent/Materials/M_Tech_Hex_Tile_Pulse.uasset" 383
"F:/Unreal Projects/TClass/Content/MobileStarterContent/Textures/T_Tech_Panel_M.uasset" 384
"F:/Unreal Projects/TClass/Content/MobileStarterContent/Textures/T_Tech_Panel_N.uasset" 385
"F:/Unreal Projects/TClass/Content/MobileStarterContent/Materials/M_Tech_Panel.uasset" 386
"F:/Unreal Projects/TClass/Content/MobileStarterContent/Textures/T_Water_N.uasset" 387
"F:/Unreal Projects/TClass/Content/MobileStarterContent/Materials/M_Water_Lake.uasset" 388
"../../../Engine/Content/Functions/Engine_MaterialFunctions02/Utility/BlendAngleCorrectedNormals.uasset" 389
"F:/Unreal Projects/TClass/Content/MobileStarterContent/Textures/T_Water_M.uasset" 390
"F:/Unreal Projects/TClass/Content/MobileStarterContent/Materials/M_Water_Ocean.uasset" 391
"F:/Unreal Projects/TClass/Content/MobileStarterContent/Textures/T_Wood_Floor_Walnut_D.uasset" 392
"F:/Unreal Projects/TClass/Content/MobileStarterContent/Textures/T_Wood_Floor_Walnut_M.uasset" 393
"F:/Unreal Projects/TClass/Content/MobileStarterContent/Textures/T_Wood_Floor_Walnut_N.uasset" 394
"F:/Unreal Projects/TClass/Content/MobileStarterContent/Materials/M_Wood_Floor_Walnut_Polished.uasset" 395
"F:/Unreal Projects/TClass/Content/MobileStarterContent/Materials/M_Wood_Floor_Walnut_Worn.uasset" 396
"F:/Unreal Projects/TClass/Content/MobileStarterContent/Textures/T_Wood_Oak_D.uasset" 397
"F:/Unreal Projects/TClass/Content/MobileStarterContent/Textures/T_Wood_Oak_N.uasset" 398
"F:/Unreal Projects/TClass/Content/MobileStarterContent/Materials/M_Wood_Oak.uasset" 399
"F:/Unreal Projects/TClass/Content/MobileStarterContent/Textures/T_Wood_Pine_D.uasset" 400
"F:/Unreal Projects/TClass/Content/MobileStarterContent/Textures/T_Wood_Pine_N.uasset" 401
"F:/Unreal Projects/TClass/Content/MobileStarterContent/Materials/M_Wood_Pine.uasset" 402
"F:/Unreal Projects/TClass/Content/MobileStarterContent/Textures/T_Wood_Walnut_D.uasset" 403
"F:/Unreal Projects/TClass/Content/MobileStarterContent/Textures/T_Wood_Walnut_N.uasset" 404
"F:/Unreal Projects/TClass/Content/MobileStarterContent/Materials/M_Wood_Walnut.uasset" 405
"F:/Unreal Projects/TClass/Content/MobileStarterContent/Architecture/Wall_400x200.uasset" 406
"F:/Unreal Projects/TClass/Content/MobileStarterContent/Architecture/Wall_Door_400x300.uasset" 407
"F:/Unreal Projects/TClass/Content/MobileStarterContent/Architecture/Wall_Window_400x300.uasset" 408
"F:/Unreal Projects/TClass/Content/MobileStarterContent/Audio/Collapse01.uasset" 409
"F:/Unreal Projects/TClass/Content/MobileStarterContent/Audio/Collapse02.uasset" 410
"F:/Unreal Projects/TClass/Content/MobileStarterContent/Audio/Collapse_Cue.uasset" 411
"F:/Unreal Projects/TClass/Content/MobileStarterContent/Audio/Starter_Birds01.uasset" 412
"F:/Unreal Projects/TClass/Content/MobileStarterContent/Audio/Starter_Wind05.uasset" 413
"F:/Unreal Projects/TClass/Content/MobileStarterContent/Audio/Starter_Wind06.uasset" 414
"F:/Unreal Projects/TClass/Content/MobileStarterContent/Audio/Starter_Background_Cue.uasset" 415
"F:/Unreal Projects/TClass/Content/MobileStarterContent/Audio/Starter_Music01.uasset" 416
"F:/Unreal Projects/TClass/Content/MobileStarterContent/Audio/Starter_Music_Cue.uasset" 417
"F:/Unreal Projects/TClass/Content/MobileStarterContent/Textures/T_Dust_Particle_D.uasset" 418
"F:/Unreal Projects/TClass/Content/MobileStarterContent/Particles/Materials/M_Dust_Particle.uasset" 419
"F:/Unreal Projects/TClass/Content/MobileStarterContent/Particles/P_Ambient_Dust.uasset" 420
"F:/Unreal Projects/TClass/Content/MobileStarterContent/Props/MaterialSphere.uasset" 421
"F:/Unreal Projects/TClass/Content/MobileStarterContent/Textures/T_Frame_M.uasset" 422
"F:/Unreal Projects/TClass/Content/MobileStarterContent/Textures/T_Frame_N.uasset" 423
"F:/Unreal Projects/TClass/Content/MobileStarterContent/Props/Materials/M_Frame.uasset" 424
"F:/Unreal Projects/TClass/Content/MobileStarterContent/Props/SM_CornerFrame.uasset" 425
"F:/Unreal Projects/TClass/Content/MobileStarterContent/Props/SM_DoorFrame.uasset" 426
"F:/Unreal Projects/TClass/Content/MobileStarterContent/Props/SM_GlassWindow.uasset" 427
"F:/Unreal Projects/TClass/Content/MobileStarterContent/Props/SM_PillarFrame.uasset" 428
"F:/Unreal Projects/TClass/Content/MobileStarterContent/Props/SM_PillarFrame300.uasset" 429
"F:/Unreal Projects/TClass/Content/MobileStarterContent/Props/SM_WindowFrame.uasset" 430
"F:/Unreal Projects/TClass/Content/MobileStarterContent/Shapes/Shape_Cube.uasset" 431
"F:/Unreal Projects/TClass/Content/MobileStarterContent/Shapes/Shape_QuadPyramid.uasset" 432
"F:/Unreal Projects/TClass/Content/MobileStarterContent/Shapes/Shape_Sphere.uasset" 433
"F:/Unreal Projects/TClass/Content/MobileStarterContent/Maps/StarterMap.umap" 434
"../../../Engine/Content/Maps/Entry_BuiltData.uasset" 435
"../../../Engine/Content/Maps/Entry.umap" 436
